<?xml version="1.0" encoding="UTF-8"?>
<testng-results ignored="0" total="1" passed="1" failed="0" skipped="0">
  <reporter-output>
    <line>
      <![CDATA[SIGIN PAGEis Displayed,PASS]]>
    </line>
    <line>
      <![CDATA[SIGIN PAGEis Displayed,PASS]]>
    </line>
  </reporter-output>
  <suite started-at="2022-06-01T15:39:29 IST" name="Default suite" finished-at="2022-06-01T15:39:42 IST" duration-ms="12978">
    <groups>
    </groups>
    <test started-at="2022-06-01T15:39:29 IST" name="Default test" finished-at="2022-06-01T15:39:42 IST" duration-ms="12978">
      <class name="com_kustom.home.LoginTest">
        <test-method is-config="true" signature="openBrowser()[pri:0, instance:com_kustom.home.LoginTest@729d991e]" started-at="2022-06-01T15:39:29 IST" name="openBrowser" finished-at="2022-06-01T15:39:35 IST" duration-ms="5443" status="PASS">
          <reporter-output>
            <line>
              <![CDATA[SIGIN PAGEis Displayed,PASS]]>
            </line>
          </reporter-output>
        </test-method> <!-- openBrowser -->
        <test-method signature="login()[pri:0, instance:com_kustom.home.LoginTest@729d991e]" started-at="2022-06-01T15:39:35 IST" name="login" finished-at="2022-06-01T15:39:42 IST" duration-ms="7456" status="PASS">
          <reporter-output>
            <line>
              <![CDATA[SIGIN PAGEis Displayed,PASS]]>
            </line>
          </reporter-output>
        </test-method> <!-- login -->
      </class> <!-- com_kustom.home.LoginTest -->
    </test> <!-- Default test -->
  </suite> <!-- Default suite -->
</testng-results>
